<?xml version="1.0" encoding="UTF-8"?>
<!-- Generated by org.testng.reporters.JUnitReportReporter -->
<testsuite skipped="0" hostname="DESKTOP-MCPFM27" name="tests.TourBookingTest" tests="1" failures="0" timestamp="05 Jun 2018 02:21:45 GMT" time="42.530" errors="0">
  <testcase name="searchAndBookTourTest" time="42.530" classname="tests.TourBookingTest"/>
</testsuite> <!-- tests.TourBookingTest -->
